2019-02-24 15:56:44.659  INFO 880 --- [main] com.zxd.user.UserApplicationTests        : No active profile set, falling back to default profiles: default
2019-02-24 15:56:45.229  INFO 880 --- [main] .s.d.r.c.RepositoryConfigurationDelegate : Multiple Spring Data modules found, entering strict repository configuration mode!
2019-02-24 15:56:45.232  INFO 880 --- [main] .s.d.r.c.RepositoryConfigurationDelegate : Bootstrapping Spring Data repositories in DEFAULT mode.
2019-02-24 15:56:45.254  INFO 880 --- [main] .s.d.r.c.RepositoryConfigurationDelegate : Finished Spring Data repository scanning in 12ms. Found 0 repository interfaces.
2019-02-24 15:56:45.269  INFO 880 --- [main] .s.d.r.c.RepositoryConfigurationDelegate : Multiple Spring Data modules found, entering strict repository configuration mode!
2019-02-24 15:56:45.271  INFO 880 --- [main] .s.d.r.c.RepositoryConfigurationDelegate : Bootstrapping Spring Data repositories in DEFAULT mode.
2019-02-24 15:56:45.283  INFO 880 --- [main] .s.d.r.c.RepositoryConfigurationDelegate : Finished Spring Data repository scanning in 4ms. Found 0 repository interfaces.
2019-02-24 15:56:45.627  INFO 880 --- [main] o.s.cloud.context.scope.GenericScope     : BeanFactory id=a6f736b4-be96-3315-92cf-848990d9811b
2019-02-24 15:56:45.807  INFO 880 --- [main] trationDelegate$BeanPostProcessorChecker : Bean 'org.springframework.transaction.annotation.ProxyTransactionManagementConfiguration' of type [org.springframework.transaction.annotation.ProxyTransactionManagementConfiguration$$EnhancerBySpringCGLIB$$f2664999] is not eligible for getting processed by all BeanPostProcessors (for example: not eligible for auto-proxying)
2019-02-24 15:56:45.877  INFO 880 --- [main] trationDelegate$BeanPostProcessorChecker : Bean 'org.springframework.cloud.autoconfigure.ConfigurationPropertiesRebinderAutoConfiguration' of type [org.springframework.cloud.autoconfigure.ConfigurationPropertiesRebinderAutoConfiguration$$EnhancerBySpringCGLIB$$e804c96] is not eligible for getting processed by all BeanPostProcessors (for example: not eligible for auto-proxying)
2019-02-24 15:56:46.180  INFO 880 --- [main] com.zaxxer.hikari.HikariDataSource       : HikariPool-1 - Starting...
2019-02-24 15:56:46.364  INFO 880 --- [main] com.zaxxer.hikari.HikariDataSource       : HikariPool-1 - Start completed.
2019-02-24 15:56:46.459  INFO 880 --- [main] o.hibernate.jpa.internal.util.LogHelper  : HHH000204: Processing PersistenceUnitInfo [
	name: default
	...]
2019-02-24 15:56:46.551  INFO 880 --- [main] org.hibernate.Version                    : HHH000412: Hibernate Core {5.3.7.Final}
2019-02-24 15:56:46.553  INFO 880 --- [main] org.hibernate.cfg.Environment            : HHH000206: hibernate.properties not found
2019-02-24 15:56:46.754  INFO 880 --- [main] o.hibernate.annotations.common.Version   : HCANN000001: Hibernate Commons Annotations {5.0.4.Final}
2019-02-24 15:56:46.914  INFO 880 --- [main] org.hibernate.dialect.Dialect            : HHH000400: Using dialect: org.hibernate.dialect.MySQL5Dialect
2019-02-24 15:56:47.161  INFO 880 --- [main] j.LocalContainerEntityManagerFactoryBean : Initialized JPA EntityManagerFactory for persistence unit 'default'
2019-02-24 15:56:47.459  WARN 880 --- [main] c.n.c.sources.URLConfigurationSource     : No URLs will be polled as dynamic configuration sources.
2019-02-24 15:56:47.460  INFO 880 --- [main] c.n.c.sources.URLConfigurationSource     : To enable URLs as dynamic configuration sources, define System property archaius.configurationSource.additionalUrls or make config.properties available on classpath.
2019-02-24 15:56:47.469  WARN 880 --- [main] c.n.c.sources.URLConfigurationSource     : No URLs will be polled as dynamic configuration sources.
2019-02-24 15:56:47.469  INFO 880 --- [main] c.n.c.sources.URLConfigurationSource     : To enable URLs as dynamic configuration sources, define System property archaius.configurationSource.additionalUrls or make config.properties available on classpath.
2019-02-24 15:56:48.130  INFO 880 --- [main] o.s.s.concurrent.ThreadPoolTaskExecutor  : Initializing ExecutorService 'applicationTaskExecutor'
2019-02-24 15:56:48.233  WARN 880 --- [main] aWebConfiguration$JpaWebMvcConfiguration : spring.jpa.open-in-view is enabled by default. Therefore, database queries may be performed during view rendering. Explicitly configure spring.jpa.open-in-view to disable this warning
2019-02-24 15:56:49.870  INFO 880 --- [main] com.netflix.discovery.DiscoveryClient    : Shutting down DiscoveryClient ...
2019-02-24 15:56:49.886  INFO 880 --- [main] com.netflix.discovery.DiscoveryClient    : Completed shut down of DiscoveryClient
2019-02-24 15:56:49.955  INFO 880 --- [main] com.zxd.user.UserApplicationTests        : Started UserApplicationTests in 11.939 seconds (JVM running for 12.886)
2019-02-24 15:56:50.253  INFO 880 --- [Thread-4] o.s.c.n.eureka.InstanceInfoFactory       : Setting initial instance status as: STARTING
2019-02-24 15:56:50.262  INFO 880 --- [Thread-4] o.s.c.n.e.s.EurekaServiceRegistry        : Unregistering application USER with eureka with status DOWN
2019-02-24 15:56:50.310  INFO 880 --- [Thread-4] o.s.s.concurrent.ThreadPoolTaskExecutor  : Shutting down ExecutorService 'applicationTaskExecutor'
2019-02-24 15:56:50.315  INFO 880 --- [Thread-4] j.LocalContainerEntityManagerFactoryBean : Closing JPA EntityManagerFactory for persistence unit 'default'
2019-02-24 15:56:50.320  INFO 880 --- [Thread-4] com.zaxxer.hikari.HikariDataSource       : HikariPool-1 - Shutdown initiated...
2019-02-24 15:56:50.331  INFO 880 --- [Thread-4] com.zaxxer.hikari.HikariDataSource       : HikariPool-1 - Shutdown completed.
